0 info it worked if it ends with ok
1 verbose cli [ '/usr/local/bin/node',
1 verbose cli   '/usr/local/bin/npm',
1 verbose cli   'install',
1 verbose cli   '--save',
1 verbose cli   'CronJob' ]
2 info using npm@2.15.8
3 info using node@v4.4.7
4 verbose install initial load of /Users/admin/Desktop/new brolix/brolixapp-112299-mean/package.json
5 warn package.json brolix@0.0.1 No repository field.
6 warn package.json brolix@0.0.1 No README data
7 warn package.json brolix@0.0.1 No license field.
8 verbose installManyTop reading scoped package data from /Users/admin/Desktop/new brolix/brolixapp-112299-mean/node_modules/accepts/package.json
9 verbose installManyTop reading scoped package data from /Users/admin/Desktop/new brolix/brolixapp-112299-mean/node_modules/addressparser/package.json
10 verbose installManyTop reading scoped package data from /Users/admin/Desktop/new brolix/brolixapp-112299-mean/node_modules/apn/package.json
11 verbose installManyTop reading scoped package data from /Users/admin/Desktop/new brolix/brolixapp-112299-mean/node_modules/apns/package.json
12 verbose installManyTop reading scoped package data from /Users/admin/Desktop/new brolix/brolixapp-112299-mean/node_modules/array-flatten/package.json
13 verbose installManyTop reading scoped package data from /Users/admin/Desktop/new brolix/brolixapp-112299-mean/node_modules/async/package.json
14 verbose installManyTop reading scoped package data from /Users/admin/Desktop/new brolix/brolixapp-112299-mean/node_modules/async-waterfall/package.json
15 verbose installManyTop reading scoped package data from /Users/admin/Desktop/new brolix/brolixapp-112299-mean/node_modules/base64-url/package.json
16 verbose installManyTop reading scoped package data from /Users/admin/Desktop/new brolix/brolixapp-112299-mean/node_modules/base64url/package.json
17 verbose installManyTop reading scoped package data from /Users/admin/Desktop/new brolix/brolixapp-112299-mean/node_modules/bcrypt-nodejs/package.json
18 verbose installManyTop reading scoped package data from /Users/admin/Desktop/new brolix/brolixapp-112299-mean/node_modules/bluebird/package.json
19 verbose installManyTop reading scoped package data from /Users/admin/Desktop/new brolix/brolixapp-112299-mean/node_modules/body-parser/package.json
20 verbose installManyTop reading scoped package data from /Users/admin/Desktop/new brolix/brolixapp-112299-mean/node_modules/bson/package.json
21 verbose installManyTop reading scoped package data from /Users/admin/Desktop/new brolix/brolixapp-112299-mean/node_modules/buffer-crc32/package.json
22 verbose installManyTop reading scoped package data from /Users/admin/Desktop/new brolix/brolixapp-112299-mean/node_modules/buffer-equal-constant-time/package.json
23 verbose installManyTop reading scoped package data from /Users/admin/Desktop/new brolix/brolixapp-112299-mean/node_modules/buffer-shims/package.json
24 verbose installManyTop reading scoped package data from /Users/admin/Desktop/new brolix/brolixapp-112299-mean/node_modules/buildmail/package.json
25 verbose installManyTop reading scoped package data from /Users/admin/Desktop/new brolix/brolixapp-112299-mean/node_modules/bytes/package.json
26 verbose installManyTop reading scoped package data from /Users/admin/Desktop/new brolix/brolixapp-112299-mean/node_modules/client-sessions/package.json
27 verbose installManyTop reading scoped package data from /Users/admin/Desktop/new brolix/brolixapp-112299-mean/node_modules/cloudinary/package.json
28 verbose installManyTop reading scoped package data from /Users/admin/Desktop/new brolix/brolixapp-112299-mean/node_modules/content-disposition/package.json
29 verbose installManyTop reading scoped package data from /Users/admin/Desktop/new brolix/brolixapp-112299-mean/node_modules/content-type/package.json
30 verbose installManyTop reading scoped package data from /Users/admin/Desktop/new brolix/brolixapp-112299-mean/node_modules/cookie/package.json
31 verbose installManyTop reading scoped package data from /Users/admin/Desktop/new brolix/brolixapp-112299-mean/node_modules/cookie-signature/package.json
32 verbose installManyTop reading scoped package data from /Users/admin/Desktop/new brolix/brolixapp-112299-mean/node_modules/core-util-is/package.json
33 verbose installManyTop reading scoped package data from /Users/admin/Desktop/new brolix/brolixapp-112299-mean/node_modules/countryjs/package.json
34 verbose installManyTop reading scoped package data from /Users/admin/Desktop/new brolix/brolixapp-112299-mean/node_modules/coupon-code/package.json
35 verbose installManyTop reading scoped package data from /Users/admin/Desktop/new brolix/brolixapp-112299-mean/node_modules/cron/package.json
36 verbose installManyTop reading scoped package data from /Users/admin/Desktop/new brolix/brolixapp-112299-mean/node_modules/debug/package.json
37 verbose installManyTop reading scoped package data from /Users/admin/Desktop/new brolix/brolixapp-112299-mean/node_modules/depd/package.json
38 verbose installManyTop reading scoped package data from /Users/admin/Desktop/new brolix/brolixapp-112299-mean/node_modules/destroy/package.json
39 verbose installManyTop reading scoped package data from /Users/admin/Desktop/new brolix/brolixapp-112299-mean/node_modules/dotty/package.json
40 verbose installManyTop reading scoped package data from /Users/admin/Desktop/new brolix/brolixapp-112299-mean/node_modules/ecdsa-sig-formatter/package.json
41 verbose installManyTop reading scoped package data from /Users/admin/Desktop/new brolix/brolixapp-112299-mean/node_modules/ee-first/package.json
42 verbose installManyTop reading scoped package data from /Users/admin/Desktop/new brolix/brolixapp-112299-mean/node_modules/encodeurl/package.json
43 verbose installManyTop reading scoped package data from /Users/admin/Desktop/new brolix/brolixapp-112299-mean/node_modules/es6-promise/package.json
44 verbose installManyTop reading scoped package data from /Users/admin/Desktop/new brolix/brolixapp-112299-mean/node_modules/escape-html/package.json
45 verbose installManyTop reading scoped package data from /Users/admin/Desktop/new brolix/brolixapp-112299-mean/node_modules/etag/package.json
46 verbose installManyTop reading scoped package data from /Users/admin/Desktop/new brolix/brolixapp-112299-mean/node_modules/express/package.json
47 verbose installManyTop reading scoped package data from /Users/admin/Desktop/new brolix/brolixapp-112299-mean/node_modules/fcm-push/package.json
48 verbose installManyTop reading scoped package data from /Users/admin/Desktop/new brolix/brolixapp-112299-mean/node_modules/finalhandler/package.json
49 verbose installManyTop reading scoped package data from /Users/admin/Desktop/new brolix/brolixapp-112299-mean/node_modules/forwarded/package.json
50 verbose installManyTop reading scoped package data from /Users/admin/Desktop/new brolix/brolixapp-112299-mean/node_modules/fresh/package.json
51 verbose installManyTop reading scoped package data from /Users/admin/Desktop/new brolix/brolixapp-112299-mean/node_modules/hoek/package.json
52 verbose installManyTop reading scoped package data from /Users/admin/Desktop/new brolix/brolixapp-112299-mean/node_modules/hooks-fixed/package.json
53 verbose installManyTop reading scoped package data from /Users/admin/Desktop/new brolix/brolixapp-112299-mean/node_modules/http-errors/package.json
54 verbose installManyTop reading scoped package data from /Users/admin/Desktop/new brolix/brolixapp-112299-mean/node_modules/httpntlm/package.json
55 verbose installManyTop reading scoped package data from /Users/admin/Desktop/new brolix/brolixapp-112299-mean/node_modules/httpreq/package.json
56 verbose installManyTop reading scoped package data from /Users/admin/Desktop/new brolix/brolixapp-112299-mean/node_modules/iconv-lite/package.json
57 verbose installManyTop reading scoped package data from /Users/admin/Desktop/new brolix/brolixapp-112299-mean/node_modules/inherits/package.json
58 verbose installManyTop reading scoped package data from /Users/admin/Desktop/new brolix/brolixapp-112299-mean/node_modules/ip/package.json
59 verbose installManyTop reading scoped package data from /Users/admin/Desktop/new brolix/brolixapp-112299-mean/node_modules/ipaddr.js/package.json
60 verbose installManyTop reading scoped package data from /Users/admin/Desktop/new brolix/brolixapp-112299-mean/node_modules/isarray/package.json
61 verbose installManyTop reading scoped package data from /Users/admin/Desktop/new brolix/brolixapp-112299-mean/node_modules/isemail/package.json
62 verbose installManyTop reading scoped package data from /Users/admin/Desktop/new brolix/brolixapp-112299-mean/node_modules/joi/package.json
63 verbose installManyTop reading scoped package data from /Users/admin/Desktop/new brolix/brolixapp-112299-mean/node_modules/json-stable-stringify/package.json
64 verbose installManyTop reading scoped package data from /Users/admin/Desktop/new brolix/brolixapp-112299-mean/node_modules/json-web-token/package.json
65 verbose installManyTop reading scoped package data from /Users/admin/Desktop/new brolix/brolixapp-112299-mean/node_modules/jsonify/package.json
66 verbose installManyTop reading scoped package data from /Users/admin/Desktop/new brolix/brolixapp-112299-mean/node_modules/jsonwebtoken/package.json
67 verbose installManyTop reading scoped package data from /Users/admin/Desktop/new brolix/brolixapp-112299-mean/node_modules/jwa/package.json
68 verbose installManyTop reading scoped package data from /Users/admin/Desktop/new brolix/brolixapp-112299-mean/node_modules/jws/package.json
69 verbose installManyTop reading scoped package data from /Users/admin/Desktop/new brolix/brolixapp-112299-mean/node_modules/jwt-simple/package.json
70 verbose installManyTop reading scoped package data from /Users/admin/Desktop/new brolix/brolixapp-112299-mean/node_modules/kareem/package.json
71 verbose installManyTop reading scoped package data from /Users/admin/Desktop/new brolix/brolixapp-112299-mean/node_modules/libbase64/package.json
72 verbose installManyTop reading scoped package data from /Users/admin/Desktop/new brolix/brolixapp-112299-mean/node_modules/libmime/package.json
73 verbose installManyTop reading scoped package data from /Users/admin/Desktop/new brolix/brolixapp-112299-mean/node_modules/libqp/package.json
74 verbose installManyTop reading scoped package data from /Users/admin/Desktop/new brolix/brolixapp-112299-mean/node_modules/lodash/package.json
75 verbose installManyTop reading scoped package data from /Users/admin/Desktop/new brolix/brolixapp-112299-mean/node_modules/lodash.once/package.json
76 verbose installManyTop reading scoped package data from /Users/admin/Desktop/new brolix/brolixapp-112299-mean/node_modules/mailcomposer/package.json
77 verbose installManyTop reading scoped package data from /Users/admin/Desktop/new brolix/brolixapp-112299-mean/node_modules/media-typer/package.json
78 verbose installManyTop reading scoped package data from /Users/admin/Desktop/new brolix/brolixapp-112299-mean/node_modules/merge-descriptors/package.json
79 verbose installManyTop reading scoped package data from /Users/admin/Desktop/new brolix/brolixapp-112299-mean/node_modules/methods/package.json
80 verbose installManyTop reading scoped package data from /Users/admin/Desktop/new brolix/brolixapp-112299-mean/node_modules/mime/package.json
81 verbose installManyTop reading scoped package data from /Users/admin/Desktop/new brolix/brolixapp-112299-mean/node_modules/mime-db/package.json
82 verbose installManyTop reading scoped package data from /Users/admin/Desktop/new brolix/brolixapp-112299-mean/node_modules/mime-types/package.json
83 verbose installManyTop reading scoped package data from /Users/admin/Desktop/new brolix/brolixapp-112299-mean/node_modules/moment/package.json
84 verbose installManyTop reading scoped package data from /Users/admin/Desktop/new brolix/brolixapp-112299-mean/node_modules/moment-timezone/package.json
85 verbose installManyTop reading scoped package data from /Users/admin/Desktop/new brolix/brolixapp-112299-mean/node_modules/mongodb/package.json
86 verbose installManyTop reading scoped package data from /Users/admin/Desktop/new brolix/brolixapp-112299-mean/node_modules/mongodb-core/package.json
87 verbose installManyTop reading scoped package data from /Users/admin/Desktop/new brolix/brolixapp-112299-mean/node_modules/mongoose/package.json
88 verbose installManyTop reading scoped package data from /Users/admin/Desktop/new brolix/brolixapp-112299-mean/node_modules/mongoose-autopopulate/package.json
89 verbose installManyTop reading scoped package data from /Users/admin/Desktop/new brolix/brolixapp-112299-mean/node_modules/mongoose-encryption/package.json
90 verbose installManyTop reading scoped package data from /Users/admin/Desktop/new brolix/brolixapp-112299-mean/node_modules/mongoose-paginate/package.json
91 verbose installManyTop reading scoped package data from /Users/admin/Desktop/new brolix/brolixapp-112299-mean/node_modules/mpath/package.json
92 verbose installManyTop reading scoped package data from /Users/admin/Desktop/new brolix/brolixapp-112299-mean/node_modules/mpromise/package.json
93 verbose installManyTop reading scoped package data from /Users/admin/Desktop/new brolix/brolixapp-112299-mean/node_modules/mquery/package.json
94 verbose installManyTop reading scoped package data from /Users/admin/Desktop/new brolix/brolixapp-112299-mean/node_modules/ms/package.json
95 verbose installManyTop reading scoped package data from /Users/admin/Desktop/new brolix/brolixapp-112299-mean/node_modules/multer/package.json
96 verbose installManyTop reading scoped package data from /Users/admin/Desktop/new brolix/brolixapp-112299-mean/node_modules/multiparty/package.json
97 verbose installManyTop reading scoped package data from /Users/admin/Desktop/new brolix/brolixapp-112299-mean/node_modules/muri/package.json
98 verbose installManyTop reading scoped package data from /Users/admin/Desktop/new brolix/brolixapp-112299-mean/node_modules/negotiator/package.json
99 verbose installManyTop reading scoped package data from /Users/admin/Desktop/new brolix/brolixapp-112299-mean/node_modules/node-cron/package.json
100 verbose installManyTop reading scoped package data from /Users/admin/Desktop/new brolix/brolixapp-112299-mean/node_modules/nodemailer/package.json
101 verbose installManyTop reading scoped package data from /Users/admin/Desktop/new brolix/brolixapp-112299-mean/node_modules/nodemailer-direct-transport/package.json
102 verbose installManyTop reading scoped package data from /Users/admin/Desktop/new brolix/brolixapp-112299-mean/node_modules/nodemailer-fetch/package.json
103 verbose installManyTop reading scoped package data from /Users/admin/Desktop/new brolix/brolixapp-112299-mean/node_modules/nodemailer-shared/package.json
104 verbose installManyTop reading scoped package data from /Users/admin/Desktop/new brolix/brolixapp-112299-mean/node_modules/nodemailer-smtp-pool/package.json
105 verbose installManyTop reading scoped package data from /Users/admin/Desktop/new brolix/brolixapp-112299-mean/node_modules/nodemailer-smtp-transport/package.json
106 verbose installManyTop reading scoped package data from /Users/admin/Desktop/new brolix/brolixapp-112299-mean/node_modules/nodemailer-wellknown/package.json
107 verbose installManyTop reading scoped package data from /Users/admin/Desktop/new brolix/brolixapp-112299-mean/node_modules/nodemon/package.json
108 verbose installManyTop reading scoped package data from /Users/admin/Desktop/new brolix/brolixapp-112299-mean/node_modules/on-finished/package.json
109 verbose installManyTop reading scoped package data from /Users/admin/Desktop/new brolix/brolixapp-112299-mean/node_modules/parseurl/package.json
110 verbose installManyTop reading scoped package data from /Users/admin/Desktop/new brolix/brolixapp-112299-mean/node_modules/passport-local/package.json
111 verbose installManyTop reading scoped package data from /Users/admin/Desktop/new brolix/brolixapp-112299-mean/node_modules/path-to-regexp/package.json
112 verbose installManyTop reading scoped package data from /Users/admin/Desktop/new brolix/brolixapp-112299-mean/node_modules/paypal-rest-sdk/package.json
113 verbose installManyTop reading scoped package data from /Users/admin/Desktop/new brolix/brolixapp-112299-mean/node_modules/process-nextick-args/package.json
114 verbose installManyTop reading scoped package data from /Users/admin/Desktop/new brolix/brolixapp-112299-mean/node_modules/proxy-addr/package.json
115 verbose installManyTop reading scoped package data from /Users/admin/Desktop/new brolix/brolixapp-112299-mean/node_modules/push-notification/package.json
116 verbose installManyTop reading scoped package data from /Users/admin/Desktop/new brolix/brolixapp-112299-mean/node_modules/q/package.json
117 verbose installManyTop reading scoped package data from /Users/admin/Desktop/new brolix/brolixapp-112299-mean/node_modules/qs/package.json
118 verbose installManyTop reading scoped package data from /Users/admin/Desktop/new brolix/brolixapp-112299-mean/node_modules/range-parser/package.json
119 verbose installManyTop reading scoped package data from /Users/admin/Desktop/new brolix/brolixapp-112299-mean/node_modules/raw-body/package.json
120 verbose installManyTop reading scoped package data from /Users/admin/Desktop/new brolix/brolixapp-112299-mean/node_modules/readable-stream/package.json
121 verbose installManyTop reading scoped package data from /Users/admin/Desktop/new brolix/brolixapp-112299-mean/node_modules/regexp-clone/package.json
122 verbose installManyTop reading scoped package data from /Users/admin/Desktop/new brolix/brolixapp-112299-mean/node_modules/require_optional/package.json
123 verbose installManyTop reading scoped package data from /Users/admin/Desktop/new brolix/brolixapp-112299-mean/node_modules/resolve-from/package.json
124 verbose installManyTop reading scoped package data from /Users/admin/Desktop/new brolix/brolixapp-112299-mean/node_modules/safe-buffer/package.json
125 verbose installManyTop reading scoped package data from /Users/admin/Desktop/new brolix/brolixapp-112299-mean/node_modules/semver/package.json
126 verbose installManyTop reading scoped package data from /Users/admin/Desktop/new brolix/brolixapp-112299-mean/node_modules/send/package.json
127 verbose installManyTop reading scoped package data from /Users/admin/Desktop/new brolix/brolixapp-112299-mean/node_modules/serve-static/package.json
128 verbose installManyTop reading scoped package data from /Users/admin/Desktop/new brolix/brolixapp-112299-mean/node_modules/setprototypeof/package.json
129 verbose installManyTop reading scoped package data from /Users/admin/Desktop/new brolix/brolixapp-112299-mean/node_modules/sliced/package.json
130 verbose installManyTop reading scoped package data from /Users/admin/Desktop/new brolix/brolixapp-112299-mean/node_modules/smart-buffer/package.json
131 verbose installManyTop reading scoped package data from /Users/admin/Desktop/new brolix/brolixapp-112299-mean/node_modules/smtp-connection/package.json
132 verbose installManyTop reading scoped package data from /Users/admin/Desktop/new brolix/brolixapp-112299-mean/node_modules/socks/package.json
133 verbose installManyTop reading scoped package data from /Users/admin/Desktop/new brolix/brolixapp-112299-mean/node_modules/statuses/package.json
134 verbose installManyTop reading scoped package data from /Users/admin/Desktop/new brolix/brolixapp-112299-mean/node_modules/string_decoder/package.json
135 verbose installManyTop reading scoped package data from /Users/admin/Desktop/new brolix/brolixapp-112299-mean/node_modules/topo/package.json
136 verbose installManyTop reading scoped package data from /Users/admin/Desktop/new brolix/brolixapp-112299-mean/node_modules/type-is/package.json
137 verbose installManyTop reading scoped package data from /Users/admin/Desktop/new brolix/brolixapp-112299-mean/node_modules/underscore/package.json
138 verbose installManyTop reading scoped package data from /Users/admin/Desktop/new brolix/brolixapp-112299-mean/node_modules/unpipe/package.json
139 verbose installManyTop reading scoped package data from /Users/admin/Desktop/new brolix/brolixapp-112299-mean/node_modules/util-deprecate/package.json
140 verbose installManyTop reading scoped package data from /Users/admin/Desktop/new brolix/brolixapp-112299-mean/node_modules/utils-merge/package.json
141 verbose installManyTop reading scoped package data from /Users/admin/Desktop/new brolix/brolixapp-112299-mean/node_modules/uuid/package.json
142 verbose installManyTop reading scoped package data from /Users/admin/Desktop/new brolix/brolixapp-112299-mean/node_modules/validator/package.json
143 verbose installManyTop reading scoped package data from /Users/admin/Desktop/new brolix/brolixapp-112299-mean/node_modules/vary/package.json
144 verbose installManyTop reading scoped package data from /Users/admin/Desktop/new brolix/brolixapp-112299-mean/node_modules/voucher-code-generator/package.json
145 verbose installManyTop reading scoped package data from /Users/admin/Desktop/new brolix/brolixapp-112299-mean/node_modules/websocket/package.json
146 verbose installManyTop reading scoped package data from /Users/admin/Desktop/new brolix/brolixapp-112299-mean/node_modules/xtend/package.json
147 info package.json async-waterfall@0.1.5 No license field.
148 info package.json bcrypt-nodejs@0.0.3 No license field.
149 info package.json dotty@0.0.2 license should be a valid SPDX license expression
150 info package.json hooks-fixed@1.2.0 No license field.
151 info package.json httpntlm@1.6.1 No license field.
152 info package.json httpreq@0.4.22 No license field.
153 info package.json jsonify@0.0.0 license should be a valid SPDX license expression
154 info package.json kareem@1.1.3 license should be a valid SPDX license expression
155 info package.json mime@1.3.4 No license field.
156 info package.json ms@0.7.1 No license field.
157 info package.json q@1.4.1 license should be a valid SPDX license expression
158 info package.json string_decoder@0.10.31 string_decoder is also the name of a node core module.
159 info package.json utils-merge@1.0.0 No license field.
160 info package.json client-sessions@0.7.0 No license field.
161 info package.json mongoose-autopopulate@0.5.0 license should be a valid SPDX license expression
162 info package.json passport-local@1.0.0 No license field.
163 verbose readDependencies loading dependencies from /Users/admin/Desktop/new brolix/brolixapp-112299-mean/package.json
164 silly cache add args [ 'CronJob', null ]
165 verbose cache add spec CronJob
166 silly cache add parsed spec Result {
166 silly cache add   raw: 'CronJob',
166 silly cache add   scope: null,
166 silly cache add   name: 'CronJob',
166 silly cache add   rawSpec: '',
166 silly cache add   spec: 'latest',
166 silly cache add   type: 'tag' }
167 silly addNamed CronJob@latest
168 verbose addNamed "latest" is being treated as a dist-tag for CronJob
169 info addNameTag [ 'CronJob', 'latest' ]
170 silly mapToRegistry name CronJob
171 silly mapToRegistry using default registry
172 silly mapToRegistry registry https://registry.npmjs.org/
173 silly mapToRegistry data Result {
173 silly mapToRegistry   raw: 'CronJob',
173 silly mapToRegistry   scope: null,
173 silly mapToRegistry   name: 'CronJob',
173 silly mapToRegistry   rawSpec: '',
173 silly mapToRegistry   spec: 'latest',
173 silly mapToRegistry   type: 'tag' }
174 silly mapToRegistry uri https://registry.npmjs.org/CronJob
175 verbose addNameTag registry:https://registry.npmjs.org/CronJob not in flight; fetching
176 verbose request uri https://registry.npmjs.org/CronJob
177 verbose request no auth needed
178 info attempt registry request try #1 at 5:48:36 PM
179 verbose request id ca83a0367ccaada4
180 http request GET https://registry.npmjs.org/CronJob
181 http 404 https://registry.npmjs.org/CronJob
182 verbose headers { 'content-type': 'application/json',
182 verbose headers   'cache-control': 'max-age=0',
182 verbose headers   'content-length': '2',
182 verbose headers   'accept-ranges': 'bytes',
182 verbose headers   date: 'Thu, 09 Feb 2017 12:18:38 GMT',
182 verbose headers   via: '1.1 varnish',
182 verbose headers   age: '0',
182 verbose headers   connection: 'keep-alive',
182 verbose headers   'x-served-by': 'cache-sin6920-SIN',
182 verbose headers   'x-cache': 'MISS',
182 verbose headers   'x-cache-hits': '0',
182 verbose headers   'x-timer': 'S1486642717.109773,VS0,VE1003',
182 verbose headers   vary: 'Accept-Encoding' }
183 silly get cb [ 404,
183 silly get   { 'content-type': 'application/json',
183 silly get     'cache-control': 'max-age=0',
183 silly get     'content-length': '2',
183 silly get     'accept-ranges': 'bytes',
183 silly get     date: 'Thu, 09 Feb 2017 12:18:38 GMT',
183 silly get     via: '1.1 varnish',
183 silly get     age: '0',
183 silly get     connection: 'keep-alive',
183 silly get     'x-served-by': 'cache-sin6920-SIN',
183 silly get     'x-cache': 'MISS',
183 silly get     'x-cache-hits': '0',
183 silly get     'x-timer': 'S1486642717.109773,VS0,VE1003',
183 silly get     vary: 'Accept-Encoding' } ]
184 verbose stack Error: Registry returned 404 for GET on https://registry.npmjs.org/CronJob
184 verbose stack     at makeError (/usr/local/lib/node_modules/npm/node_modules/npm-registry-client/lib/request.js:264:12)
184 verbose stack     at CachingRegistryClient.<anonymous> (/usr/local/lib/node_modules/npm/node_modules/npm-registry-client/lib/request.js:242:14)
184 verbose stack     at Request._callback (/usr/local/lib/node_modules/npm/node_modules/npm-registry-client/lib/request.js:172:14)
184 verbose stack     at Request.self.callback (/usr/local/lib/node_modules/npm/node_modules/request/request.js:200:22)
184 verbose stack     at emitTwo (events.js:87:13)
184 verbose stack     at Request.emit (events.js:172:7)
184 verbose stack     at Request.<anonymous> (/usr/local/lib/node_modules/npm/node_modules/request/request.js:1067:10)
184 verbose stack     at emitOne (events.js:82:20)
184 verbose stack     at Request.emit (events.js:169:7)
184 verbose stack     at IncomingMessage.<anonymous> (/usr/local/lib/node_modules/npm/node_modules/request/request.js:988:12)
185 verbose statusCode 404
186 verbose pkgid CronJob
187 verbose cwd /Users/admin/Desktop/new brolix/brolixapp-112299-mean
188 error Darwin 16.3.0
189 error argv "/usr/local/bin/node" "/usr/local/bin/npm" "install" "--save" "CronJob"
190 error node v4.4.7
191 error npm  v2.15.8
192 error code E404
193 error 404 Registry returned 404 for GET on https://registry.npmjs.org/CronJob
193 error 404
193 error 404 'CronJob' is not in the npm registry.
193 error 404 Your package name is not valid, because
193 error 404
193 error 404  1. name can no longer contain capital letters
193 error 404 It was specified as a dependency of 'brolix'
193 error 404
193 error 404 Note that you can also install from a
193 error 404 tarball, folder, http url, or git url.
194 verbose exit [ 1, true ]
